INFO:root:В скрипт передано: Namespace(file_name=[])
INFO:root:Аргументы не переданы(имя файла по умолчанию): subjects.csv
INFO:root:Средний балл: 4.5
INFO:root:Средний результат по тестам по математике: 85.0
INFO:root:Студент: Иван Иванов
Предметы: Математика, История
INFO:root:В скрипт передано: Namespace(file_name=[])
INFO:root:Аргументы не переданы(имя файла по умолчанию): subjects.csv
INFO:root:Средний балл: 4.5
INFO:root:Средний результат по тестам по математике: 85.0
INFO:root:Студент: Иван Иванов
Предметы: Математика, История
INFO:root:В скрипт передано: Namespace(file_name=[])
INFO:root:Аргументы не переданы(имя файла по умолчанию): subjects.csv
INFO:root:Средний балл: 4.5
INFO:root:Средний результат по тестам по математике: 85.0
INFO:root:Студент: Иван Иванов
Предметы: Математика, История
INFO:root:В скрипт передано: Namespace(file_name=[])
INFO:root:Аргументы не переданы(имя файла по умолчанию): subjects.csv
INFO:root:Средний балл: 4.5
INFO:root:Средний результат по тестам по математике: 85.0
INFO:root:Студент: Иван Иванов
Предметы: Математика, История
INFO:root:Получили экземпляр: args = Namespace(file=[])
INFO:root:Аргументы не переданы(имя файла по умолчанию): subjects.csv
